<?xml version="1.0" encoding="UTF-8"?>
<testng-results skipped="0" failed="0" ignored="0" total="3" passed="3">
  <reporter-output>
  </reporter-output>
  <suite name="Suite" duration-ms="44390" started-at="2022-09-11T09:08:08Z" finished-at="2022-09-11T09:08:53Z">
    <groups>
    </groups>
    <test name="Test" duration-ms="44390" started-at="2022-09-11T09:08:08Z" finished-at="2022-09-11T09:08:53Z">
      <class name="testcases.Login">
        <test-method status="PASS" signature="openurl()[pri:0, instance:testcases.Login@cb5822]" name="openurl" is-config="true" duration-ms="12148" started-at="2022-09-11T14:38:08Z" finished-at="2022-09-11T14:38:21Z">
          <reporter-output>
          </reporter-output>
        </test-method> <!-- openurl -->
        <test-method status="PASS" signature="Test1()[pri:0, instance:testcases.Login@cb5822]" name="Test1" duration-ms="717" started-at="2022-09-11T14:38:21Z" finished-at="2022-09-11T14:38:21Z">
          <reporter-output>
          </reporter-output>
        </test-method> <!-- Test1 -->
        <test-method status="PASS" signature="closeurl()[pri:0, instance:testcases.Login@cb5822]" name="closeurl" is-config="true" duration-ms="878" started-at="2022-09-11T14:38:21Z" finished-at="2022-09-11T14:38:22Z">
          <reporter-output>
          </reporter-output>
        </test-method> <!-- closeurl -->
        <test-method status="PASS" signature="openurl()[pri:0, instance:testcases.Login@cb5822]" name="openurl" is-config="true" duration-ms="12000" started-at="2022-09-11T14:38:22Z" finished-at="2022-09-11T14:38:34Z">
          <reporter-output>
          </reporter-output>
        </test-method> <!-- openurl -->
        <test-method status="PASS" signature="Test2()[pri:0, instance:testcases.Login@cb5822]" name="Test2" duration-ms="369" started-at="2022-09-11T14:38:34Z" finished-at="2022-09-11T14:38:35Z">
          <reporter-output>
          </reporter-output>
        </test-method> <!-- Test2 -->
        <test-method status="PASS" signature="closeurl()[pri:0, instance:testcases.Login@cb5822]" name="closeurl" is-config="true" duration-ms="327" started-at="2022-09-11T14:38:35Z" finished-at="2022-09-11T14:38:35Z">
          <reporter-output>
          </reporter-output>
        </test-method> <!-- closeurl -->
      </class> <!-- testcases.Login -->
      <class name="testcases.Home">
        <test-method status="PASS" signature="openurl()[pri:0, instance:testcases.Home@4b9e13df]" name="openurl" is-config="true" duration-ms="11487" started-at="2022-09-11T14:38:35Z" finished-at="2022-09-11T14:38:46Z">
          <reporter-output>
          </reporter-output>
        </test-method> <!-- openurl -->
        <test-method status="PASS" signature="Addtocart()[pri:0, instance:testcases.Home@4b9e13df]" name="Addtocart" duration-ms="6048" started-at="2022-09-11T14:38:46Z" finished-at="2022-09-11T14:38:52Z">
          <reporter-output>
          </reporter-output>
        </test-method> <!-- Addtocart -->
        <test-method status="PASS" signature="closeurl()[pri:0, instance:testcases.Home@4b9e13df]" name="closeurl" is-config="true" duration-ms="377" started-at="2022-09-11T14:38:52Z" finished-at="2022-09-11T14:38:53Z">
          <reporter-output>
          </reporter-output>
        </test-method> <!-- closeurl -->
      </class> <!-- testcases.Home -->
    </test> <!-- Test -->
  </suite> <!-- Suite -->
</testng-results>
